2022-12-06 10:14:48.247811: I tensorflow/stream_executor/platform/default/dso_loader.cc:49] Successfully opened dynamic library libcudart.so.10.1
2022-12-06 10:14:54.640905: I tensorflow/compiler/jit/xla_cpu_device.cc:41] Not creating XLA devices, tf_xla_enable_xla_devices not set
2022-12-06 10:14:54.641978: I tensorflow/stream_executor/platform/default/dso_loader.cc:49] Successfully opened dynamic library libcuda.so.1
2022-12-06 10:14:54.742039: I tensorflow/core/common_runtime/gpu/gpu_device.cc:1720] Found device 0 with properties: 
pciBusID: 0000:43:00.0 name: Quadro RTX 8000 computeCapability: 7.5
coreClock: 1.77GHz coreCount: 72 deviceMemorySize: 47.46GiB deviceMemoryBandwidth: 625.94GiB/s
2022-12-06 10:14:54.742072: I tensorflow/stream_executor/platform/default/dso_loader.cc:49] Successfully opened dynamic library libcudart.so.10.1
2022-12-06 10:14:54.744830: I tensorflow/stream_executor/platform/default/dso_loader.cc:49] Successfully opened dynamic library libcublas.so.10
2022-12-06 10:14:54.744861: I tensorflow/stream_executor/platform/default/dso_loader.cc:49] Successfully opened dynamic library libcublasLt.so.10
2022-12-06 10:14:54.746876: I tensorflow/stream_executor/platform/default/dso_loader.cc:49] Successfully opened dynamic library libcufft.so.10
2022-12-06 10:14:54.747755: I tensorflow/stream_executor/platform/default/dso_loader.cc:49] Successfully opened dynamic library libcurand.so.10
2022-12-06 10:14:54.749749: I tensorflow/stream_executor/platform/default/dso_loader.cc:49] Successfully opened dynamic library libcusolver.so.10
2022-12-06 10:14:54.751107: I tensorflow/stream_executor/platform/default/dso_loader.cc:49] Successfully opened dynamic library libcusparse.so.10
2022-12-06 10:14:54.754471: I tensorflow/stream_executor/platform/default/dso_loader.cc:49] Successfully opened dynamic library libcudnn.so.7
2022-12-06 10:14:54.759500: I tensorflow/core/common_runtime/gpu/gpu_device.cc:1862] Adding visible gpu devices: 0
2022-12-06 10:14:54.759884: I tensorflow/core/platform/cpu_feature_guard.cc:142] This TensorFlow binary is optimized with oneAPI Deep Neural Network Library (oneDNN) to use the following CPU instructions in performance-critical operations:  SSE4.1 SSE4.2 AVX AVX2 FMA
To enable them in other operations, rebuild TensorFlow with the appropriate compiler flags.
2022-12-06 10:14:54.763564: I tensorflow/compiler/jit/xla_gpu_device.cc:99] Not creating XLA devices, tf_xla_enable_xla_devices not set
2022-12-06 10:14:54.766579: I tensorflow/core/common_runtime/gpu/gpu_device.cc:1720] Found device 0 with properties: 
pciBusID: 0000:43:00.0 name: Quadro RTX 8000 computeCapability: 7.5
coreClock: 1.77GHz coreCount: 72 deviceMemorySize: 47.46GiB deviceMemoryBandwidth: 625.94GiB/s
2022-12-06 10:14:54.766608: I tensorflow/stream_executor/platform/default/dso_loader.cc:49] Successfully opened dynamic library libcudart.so.10.1
2022-12-06 10:14:54.766629: I tensorflow/stream_executor/platform/default/dso_loader.cc:49] Successfully opened dynamic library libcublas.so.10
2022-12-06 10:14:54.766642: I tensorflow/stream_executor/platform/default/dso_loader.cc:49] Successfully opened dynamic library libcublasLt.so.10
2022-12-06 10:14:54.766654: I tensorflow/stream_executor/platform/default/dso_loader.cc:49] Successfully opened dynamic library libcufft.so.10
2022-12-06 10:14:54.766667: I tensorflow/stream_executor/platform/default/dso_loader.cc:49] Successfully opened dynamic library libcurand.so.10
2022-12-06 10:14:54.766679: I tensorflow/stream_executor/platform/default/dso_loader.cc:49] Successfully opened dynamic library libcusolver.so.10
2022-12-06 10:14:54.766691: I tensorflow/stream_executor/platform/default/dso_loader.cc:49] Successfully opened dynamic library libcusparse.so.10
2022-12-06 10:14:54.766703: I tensorflow/stream_executor/platform/default/dso_loader.cc:49] Successfully opened dynamic library libcudnn.so.7
2022-12-06 10:14:54.771051: I tensorflow/core/common_runtime/gpu/gpu_device.cc:1862] Adding visible gpu devices: 0
2022-12-06 10:14:54.771080: I tensorflow/stream_executor/platform/default/dso_loader.cc:49] Successfully opened dynamic library libcudart.so.10.1
2022-12-06 10:14:55.244914: I tensorflow/core/common_runtime/gpu/gpu_device.cc:1261] Device interconnect StreamExecutor with strength 1 edge matrix:
2022-12-06 10:14:55.244954: I tensorflow/core/common_runtime/gpu/gpu_device.cc:1267]      0 
2022-12-06 10:14:55.244960: I tensorflow/core/common_runtime/gpu/gpu_device.cc:1280] 0:   N 
2022-12-06 10:14:55.250950: I tensorflow/core/common_runtime/gpu/gpu_device.cc:1406] Created TensorFlow device (/job:localhost/replica:0/task:0/device:GPU:0 with 45390 MB memory) -> physical GPU (device: 0, name: Quadro RTX 8000, pci bus id: 0000:43:00.0, compute capability: 7.5)
2022-12-06 10:14:55.800219: I tensorflow/compiler/mlir/mlir_graph_optimization_pass.cc:116] None of the MLIR optimization passes are enabled (registered 2)
2022-12-06 10:14:55.819156: I tensorflow/core/platform/profile_utils/cpu_utils.cc:112] CPU Frequency: 2600015000 Hz
2022-12-06 10:14:55.876261: I tensorflow/stream_executor/platform/default/dso_loader.cc:49] Successfully opened dynamic library libcublas.so.10
