2023-01-25 10:02:51.599488: I tensorflow/stream_executor/platform/default/dso_loader.cc:49] Successfully opened dynamic library libcudart.so.10.1
2023-01-25 10:02:54.636219: I tensorflow/compiler/jit/xla_cpu_device.cc:41] Not creating XLA devices, tf_xla_enable_xla_devices not set
2023-01-25 10:02:54.637316: I tensorflow/stream_executor/platform/default/dso_loader.cc:49] Successfully opened dynamic library libcuda.so.1
2023-01-25 10:02:54.685192: I tensorflow/core/common_runtime/gpu/gpu_device.cc:1720] Found device 0 with properties: 
pciBusID: 0000:44:00.0 name: Quadro RTX 8000 computeCapability: 7.5
coreClock: 1.77GHz coreCount: 72 deviceMemorySize: 47.46GiB deviceMemoryBandwidth: 625.94GiB/s
2023-01-25 10:02:54.685211: I tensorflow/stream_executor/platform/default/dso_loader.cc:49] Successfully opened dynamic library libcudart.so.10.1
2023-01-25 10:02:54.686993: I tensorflow/stream_executor/platform/default/dso_loader.cc:49] Successfully opened dynamic library libcublas.so.10
2023-01-25 10:02:54.687022: I tensorflow/stream_executor/platform/default/dso_loader.cc:49] Successfully opened dynamic library libcublasLt.so.10
2023-01-25 10:02:54.688545: I tensorflow/stream_executor/platform/default/dso_loader.cc:49] Successfully opened dynamic library libcufft.so.10
2023-01-25 10:02:54.688982: I tensorflow/stream_executor/platform/default/dso_loader.cc:49] Successfully opened dynamic library libcurand.so.10
2023-01-25 10:02:54.690472: I tensorflow/stream_executor/platform/default/dso_loader.cc:49] Successfully opened dynamic library libcusolver.so.10
2023-01-25 10:02:54.691466: I tensorflow/stream_executor/platform/default/dso_loader.cc:49] Successfully opened dynamic library libcusparse.so.10
2023-01-25 10:02:54.694504: I tensorflow/stream_executor/platform/default/dso_loader.cc:49] Successfully opened dynamic library libcudnn.so.7
2023-01-25 10:02:54.698501: I tensorflow/core/common_runtime/gpu/gpu_device.cc:1862] Adding visible gpu devices: 0
2023-01-25 10:02:54.698822: I tensorflow/core/platform/cpu_feature_guard.cc:142] This TensorFlow binary is optimized with oneAPI Deep Neural Network Library (oneDNN) to use the following CPU instructions in performance-critical operations:  SSE4.1 SSE4.2 AVX AVX2 FMA
To enable them in other operations, rebuild TensorFlow with the appropriate compiler flags.
2023-01-25 10:02:54.702134: I tensorflow/compiler/jit/xla_gpu_device.cc:99] Not creating XLA devices, tf_xla_enable_xla_devices not set
2023-01-25 10:02:54.704113: I tensorflow/core/common_runtime/gpu/gpu_device.cc:1720] Found device 0 with properties: 
pciBusID: 0000:44:00.0 name: Quadro RTX 8000 computeCapability: 7.5
coreClock: 1.77GHz coreCount: 72 deviceMemorySize: 47.46GiB deviceMemoryBandwidth: 625.94GiB/s
2023-01-25 10:02:54.704134: I tensorflow/stream_executor/platform/default/dso_loader.cc:49] Successfully opened dynamic library libcudart.so.10.1
2023-01-25 10:02:54.704148: I tensorflow/stream_executor/platform/default/dso_loader.cc:49] Successfully opened dynamic library libcublas.so.10
2023-01-25 10:02:54.704156: I tensorflow/stream_executor/platform/default/dso_loader.cc:49] Successfully opened dynamic library libcublasLt.so.10
2023-01-25 10:02:54.704163: I tensorflow/stream_executor/platform/default/dso_loader.cc:49] Successfully opened dynamic library libcufft.so.10
2023-01-25 10:02:54.704171: I tensorflow/stream_executor/platform/default/dso_loader.cc:49] Successfully opened dynamic library libcurand.so.10
2023-01-25 10:02:54.704178: I tensorflow/stream_executor/platform/default/dso_loader.cc:49] Successfully opened dynamic library libcusolver.so.10
2023-01-25 10:02:54.704185: I tensorflow/stream_executor/platform/default/dso_loader.cc:49] Successfully opened dynamic library libcusparse.so.10
2023-01-25 10:02:54.704192: I tensorflow/stream_executor/platform/default/dso_loader.cc:49] Successfully opened dynamic library libcudnn.so.7
2023-01-25 10:02:54.708032: I tensorflow/core/common_runtime/gpu/gpu_device.cc:1862] Adding visible gpu devices: 0
2023-01-25 10:02:54.708060: I tensorflow/stream_executor/platform/default/dso_loader.cc:49] Successfully opened dynamic library libcudart.so.10.1
2023-01-25 10:02:55.179656: I tensorflow/core/common_runtime/gpu/gpu_device.cc:1261] Device interconnect StreamExecutor with strength 1 edge matrix:
2023-01-25 10:02:55.179695: I tensorflow/core/common_runtime/gpu/gpu_device.cc:1267]      0 
2023-01-25 10:02:55.179701: I tensorflow/core/common_runtime/gpu/gpu_device.cc:1280] 0:   N 
2023-01-25 10:02:55.185656: I tensorflow/core/common_runtime/gpu/gpu_device.cc:1406] Created TensorFlow device (/job:localhost/replica:0/task:0/device:GPU:0 with 45390 MB memory) -> physical GPU (device: 0, name: Quadro RTX 8000, pci bus id: 0000:44:00.0, compute capability: 7.5)
  0%|          | 0/5 [00:00<?, ?it/s]2023-01-25 10:02:55.862325: I tensorflow/compiler/mlir/mlir_graph_optimization_pass.cc:116] None of the MLIR optimization passes are enabled (registered 2)
2023-01-25 10:02:55.881341: I tensorflow/core/platform/profile_utils/cpu_utils.cc:112] CPU Frequency: 2599910000 Hz
2023-01-25 10:02:55.942311: I tensorflow/stream_executor/platform/default/dso_loader.cc:49] Successfully opened dynamic library libcublas.so.10
srun: Job step aborted: Waiting up to 32 seconds for job step to finish.
 20%|██        | 1/5 [17:32:42<70:10:48, 63162.10s/it] 40%|████      | 2/5 [34:49:15<52:09:36, 62592.10s/it] 60%|██████    | 3/5 [52:04:32<34:39:11, 62375.51s/it]slurmstepd-fuchu: error: *** STEP 2878.0 ON fuchu CANCELLED AT 2023-01-27T15:03:00 DUE TO TIME LIMIT ***
slurmstepd-fuchu: error: *** JOB 2878 ON fuchu CANCELLED AT 2023-01-27T15:03:00 DUE TO TIME LIMIT ***
srun: got SIGCONT
srun: forcing job termination
